<?xml version="1.0" encoding="UTF-8"?>
<!-- Generated by org.testng.reporters.JUnitXMLReporter -->
<testsuite hostname="Tanmoy-PC" ignored="0" name="Default test" tests="5" failures="0" timestamp="21 Apr 2019 15:24:16 GMT" time="22.9" errors="0">
  <testcase name="getStatusFromHomeTimeline" time="12.999" classname="testCases.Tests"/>
  <testcase name="postATweet" time="2.247" classname="testCases.Tests"/>
  <testcase name="deleteATweet" time="2.33" classname="testCases.Tests"/>
  <testcase name="postWelcomeMessage" time="3.507" classname="testCases.Tests"/>
  <testcase name="deleteWelcomeMessage" time="1.687" classname="testCases.Tests"/>
</testsuite> <!-- Default test -->
