<?xml version="1.0" encoding="UTF-8"?>
<!-- Generated by org.testng.reporters.JUnitXMLReporter -->
<testsuite hostname="Tanmoy-PC" ignored="4" name="Test" tests="1" failures="0" timestamp="20 Apr 2019 14:34:36 GMT" time="15.722" errors="0">
  <testcase name="getStatusFromHomeTimeline" time="15.616" classname="testCases.Tests"/>
  <testcase name="postWelcomeMessage" time="0.0" classname="testCases.Tests">
    <ignored/>
  </testcase> <!-- postWelcomeMessage -->
  <testcase name="deleteWelcomeMessage" time="0.0" classname="testCases.Tests">
    <ignored/>
  </testcase> <!-- deleteWelcomeMessage -->
  <testcase name="postATweet" time="0.0" classname="testCases.Tests">
    <ignored/>
  </testcase> <!-- postATweet -->
  <testcase name="deleteATweet" time="0.0" classname="testCases.Tests">
    <ignored/>
  </testcase> <!-- deleteATweet -->
</testsuite> <!-- Test -->
