<?xml version="1.0" encoding="UTF-8"?>
<testng-results ignored="0" total="1" passed="1" failed="0" skipped="0">
  <reporter-output>
  </reporter-output>
  <suite started-at="2019-05-26T05:30:13Z" name="Default suite" finished-at="2019-05-26T05:30:22Z" duration-ms="8887">
    <groups>
      <group name="demo">
        <method signature="Tests.getStatusFromHomeTimeline()[pri:0, instance:testCases.Tests@4fe767f3]" name="getStatusFromHomeTimeline" class="testCases.Tests"/>
      </group> <!-- demo -->
    </groups>
    <test started-at="2019-05-26T05:30:13Z" name="Default test" finished-at="2019-05-26T05:30:22Z" duration-ms="8887">
      <class name="testCases.Tests">
        <test-method is-config="true" signature="setup()[pri:0, instance:testCases.Tests@4fe767f3]" started-at="2019-05-26T05:30:13Z" name="setup" finished-at="2019-05-26T05:30:13Z" duration-ms="64" status="PASS">
          <reporter-output>
          </reporter-output>
        </test-method> <!-- setup -->
        <test-method signature="getStatusFromHomeTimeline()[pri:0, instance:testCases.Tests@4fe767f3]" started-at="2019-05-26T05:30:13Z" name="getStatusFromHomeTimeline" finished-at="2019-05-26T05:30:22Z" duration-ms="8793" status="PASS">
          <reporter-output>
          </reporter-output>
        </test-method> <!-- getStatusFromHomeTimeline -->
      </class> <!-- testCases.Tests -->
    </test> <!-- Default test -->
  </suite> <!-- Default suite -->
</testng-results>
